SimplePlacePicker/build/intermediates/manifest_merge_blame_file/debug/manifest-merger-blame-debug-report.txt
1<?xml version="1.0" encoding="utf-8"?>
2<manifest xmlns:android="http://schemas.android.com/apk/res/android"
3    package="com.essam.simpleplacepicker" >
4
5    <uses-sdk
6        android:minSdkVersion="21"
6-->src/main/AndroidManifest.xml
7        android:targetSdkVersion="31" />
7-->src/main/AndroidManifest.xml
8
9    <uses-permission android:name="android.permission.INTERNET" /> <!-- Required to show current location -->
9-->src/main/AndroidManifest.xml:4:5-67
9-->src/main/AndroidManifest.xml:4:22-64
10    <uses-permission android:name="android.permission.ACCESS_COARSE_LOCATION" />
10-->src/main/AndroidManifest.xml:5:5-81
10-->src/main/AndroidManifest.xml:5:22-78
11    <uses-permission android:name="android.permission.ACCESS_FINE_LOCATION" />
11-->src/main/AndroidManifest.xml:6:5-79
11-->src/main/AndroidManifest.xml:6:22-76
12
13    <application
13-->src/main/AndroidManifest.xml:8:5-22:19
14        android:allowBackup="true"
14-->src/main/AndroidManifest.xml:9:9-35
15        android:label="@string/app_name"
15-->src/main/AndroidManifest.xml:10:9-41
16        android:supportsRtl="true"
16-->src/main/AndroidManifest.xml:11:9-35
17        android:theme="@style/AppTheme" >
17-->src/main/AndroidManifest.xml:12:9-40
18        <activity
18-->src/main/AndroidManifest.xml:14:9-17:20
19            android:name="com.essam.simpleplacepicker.MapActivity"
19-->src/main/AndroidManifest.xml:14:19-46
20            android:theme="@style/AppTheme.NoActionBar"
20-->src/main/AndroidManifest.xml:16:13-56
21            android:windowSoftInputMode="adjustPan" >
21-->src/main/AndroidManifest.xml:15:13-52
22        </activity>
23
24        <service
24-->src/main/AndroidManifest.xml:19:9-21:40
25            android:name="com.essam.simpleplacepicker.utils.FetchAddressIntentService"
25-->src/main/AndroidManifest.xml:20:13-60
26            android:exported="false" />
26-->src/main/AndroidManifest.xml:21:13-37
27    </application>
28
29</manifest>